C:\GitHub\ChrisEtterDemoApp\ChrisEtterDemoApp\ChrisEtterDemoApp\dist\out-tsc\app\app.component.js
C:\GitHub\ChrisEtterDemoApp\ChrisEtterDemoApp\ChrisEtterDemoApp\dist\out-tsc\app\app.component.js.map
C:\GitHub\ChrisEtterDemoApp\ChrisEtterDemoApp\ChrisEtterDemoApp\dist\out-tsc\app\app.module.js
C:\GitHub\ChrisEtterDemoApp\ChrisEtterDemoApp\ChrisEtterDemoApp\dist\out-tsc\app\app.module.js.map
C:\GitHub\ChrisEtterDemoApp\ChrisEtterDemoApp\ChrisEtterDemoApp\dist\out-tsc\environments\environment.js
C:\GitHub\ChrisEtterDemoApp\ChrisEtterDemoApp\ChrisEtterDemoApp\dist\out-tsc\environments\environment.js.map
C:\GitHub\ChrisEtterDemoApp\ChrisEtterDemoApp\ChrisEtterDemoApp\dist\out-tsc\main.js
C:\GitHub\ChrisEtterDemoApp\ChrisEtterDemoApp\ChrisEtterDemoApp\dist\out-tsc\main.js.map
C:\GitHub\ChrisEtterDemoApp\ChrisEtterDemoApp\ChrisEtterDemoApp\dist\out-tsc\polyfills.js
C:\GitHub\ChrisEtterDemoApp\ChrisEtterDemoApp\ChrisEtterDemoApp\dist\out-tsc\polyfills.js.map
C:\GitHub\ChrisEtterDemoApp\ChrisEtterDemoApp\ChrisEtterDemoApp\dist\out-tsc\environments\environment.prod.js
C:\GitHub\ChrisEtterDemoApp\ChrisEtterDemoApp\ChrisEtterDemoApp\dist\out-tsc\environments\environment.prod.js.map
C:\GitHub\ChrisEtterDemoApp\ChrisEtterDemoApp\ChrisEtterDemoApp\dist\out-tsc\app\app.component.js
C:\GitHub\ChrisEtterDemoApp\ChrisEtterDemoApp\ChrisEtterDemoApp\dist\out-tsc\app\app.component.js.map
C:\GitHub\ChrisEtterDemoApp\ChrisEtterDemoApp\ChrisEtterDemoApp\dist\out-tsc\app\app.module.js
C:\GitHub\ChrisEtterDemoApp\ChrisEtterDemoApp\ChrisEtterDemoApp\dist\out-tsc\app\app.module.js.map
C:\GitHub\ChrisEtterDemoApp\ChrisEtterDemoApp\ChrisEtterDemoApp\dist\out-tsc\environments\environment.js
C:\GitHub\ChrisEtterDemoApp\ChrisEtterDemoApp\ChrisEtterDemoApp\dist\out-tsc\environments\environment.js.map
C:\GitHub\ChrisEtterDemoApp\ChrisEtterDemoApp\ChrisEtterDemoApp\dist\out-tsc\main.js
C:\GitHub\ChrisEtterDemoApp\ChrisEtterDemoApp\ChrisEtterDemoApp\dist\out-tsc\main.js.map
C:\GitHub\ChrisEtterDemoApp\ChrisEtterDemoApp\ChrisEtterDemoApp\dist\out-tsc\polyfills.js
C:\GitHub\ChrisEtterDemoApp\ChrisEtterDemoApp\ChrisEtterDemoApp\dist\out-tsc\polyfills.js.map
C:\GitHub\ChrisEtterDemoApp\ChrisEtterDemoApp\ChrisEtterDemoApp\dist\out-tsc\environments\environment.prod.js
C:\GitHub\ChrisEtterDemoApp\ChrisEtterDemoApp\ChrisEtterDemoApp\dist\out-tsc\environments\environment.prod.js.map
C:\GitHub\ChrisEtterDemoApp\ChrisEtterDemoApp\ChrisEtterDemoApp\dist\out-tsc\app\app.component.js
C:\GitHub\ChrisEtterDemoApp\ChrisEtterDemoApp\ChrisEtterDemoApp\dist\out-tsc\app\app.component.js.map
C:\GitHub\ChrisEtterDemoApp\ChrisEtterDemoApp\ChrisEtterDemoApp\dist\out-tsc\app\app.module.js
C:\GitHub\ChrisEtterDemoApp\ChrisEtterDemoApp\ChrisEtterDemoApp\dist\out-tsc\app\app.module.js.map
C:\GitHub\ChrisEtterDemoApp\ChrisEtterDemoApp\ChrisEtterDemoApp\dist\out-tsc\environments\environment.js
C:\GitHub\ChrisEtterDemoApp\ChrisEtterDemoApp\ChrisEtterDemoApp\dist\out-tsc\environments\environment.js.map
C:\GitHub\ChrisEtterDemoApp\ChrisEtterDemoApp\ChrisEtterDemoApp\dist\out-tsc\main.js
C:\GitHub\ChrisEtterDemoApp\ChrisEtterDemoApp\ChrisEtterDemoApp\dist\out-tsc\main.js.map
C:\GitHub\ChrisEtterDemoApp\ChrisEtterDemoApp\ChrisEtterDemoApp\dist\out-tsc\polyfills.js
C:\GitHub\ChrisEtterDemoApp\ChrisEtterDemoApp\ChrisEtterDemoApp\dist\out-tsc\polyfills.js.map
C:\GitHub\ChrisEtterDemoApp\ChrisEtterDemoApp\ChrisEtterDemoApp\dist\out-tsc\environments\environment.prod.js
C:\GitHub\ChrisEtterDemoApp\ChrisEtterDemoApp\ChrisEtterDemoApp\dist\out-tsc\environments\environment.prod.js.map
C:\GitHub\ChrisEtterDemoApp\ChrisEtterDemoApp\ChrisEtterDemoApp\wwwroot\ClientApp\out-tsc\app\app.component.js
C:\GitHub\ChrisEtterDemoApp\ChrisEtterDemoApp\ChrisEtterDemoApp\wwwroot\ClientApp\out-tsc\app\app.component.js.map
C:\GitHub\ChrisEtterDemoApp\ChrisEtterDemoApp\ChrisEtterDemoApp\wwwroot\ClientApp\out-tsc\app\app.module.js
C:\GitHub\ChrisEtterDemoApp\ChrisEtterDemoApp\ChrisEtterDemoApp\wwwroot\ClientApp\out-tsc\app\app.module.js.map
C:\GitHub\ChrisEtterDemoApp\ChrisEtterDemoApp\ChrisEtterDemoApp\wwwroot\ClientApp\out-tsc\environments\environment.js
C:\GitHub\ChrisEtterDemoApp\ChrisEtterDemoApp\ChrisEtterDemoApp\wwwroot\ClientApp\out-tsc\environments\environment.js.map
C:\GitHub\ChrisEtterDemoApp\ChrisEtterDemoApp\ChrisEtterDemoApp\wwwroot\ClientApp\out-tsc\main.js
C:\GitHub\ChrisEtterDemoApp\ChrisEtterDemoApp\ChrisEtterDemoApp\wwwroot\ClientApp\out-tsc\main.js.map
C:\GitHub\ChrisEtterDemoApp\ChrisEtterDemoApp\ChrisEtterDemoApp\wwwroot\ClientApp\out-tsc\polyfills.js
C:\GitHub\ChrisEtterDemoApp\ChrisEtterDemoApp\ChrisEtterDemoApp\wwwroot\ClientApp\out-tsc\polyfills.js.map
C:\GitHub\ChrisEtterDemoApp\ChrisEtterDemoApp\ChrisEtterDemoApp\wwwroot\ClientApp\out-tsc\environments\environment.prod.js
C:\GitHub\ChrisEtterDemoApp\ChrisEtterDemoApp\ChrisEtterDemoApp\wwwroot\ClientApp\out-tsc\environments\environment.prod.js.map
C:\GitHub\ChrisEtterDemoApp\ChrisEtterDemoApp\ChrisEtterDemoApp\wwwroot\ClientApp\out-tsc\app\app.component.js
C:\GitHub\ChrisEtterDemoApp\ChrisEtterDemoApp\ChrisEtterDemoApp\wwwroot\ClientApp\out-tsc\app\app.component.js.map
C:\GitHub\ChrisEtterDemoApp\ChrisEtterDemoApp\ChrisEtterDemoApp\wwwroot\ClientApp\out-tsc\app\app.module.js
C:\GitHub\ChrisEtterDemoApp\ChrisEtterDemoApp\ChrisEtterDemoApp\wwwroot\ClientApp\out-tsc\app\app.module.js.map
C:\GitHub\ChrisEtterDemoApp\ChrisEtterDemoApp\ChrisEtterDemoApp\wwwroot\ClientApp\out-tsc\environments\environment.js
C:\GitHub\ChrisEtterDemoApp\ChrisEtterDemoApp\ChrisEtterDemoApp\wwwroot\ClientApp\out-tsc\environments\environment.js.map
C:\GitHub\ChrisEtterDemoApp\ChrisEtterDemoApp\ChrisEtterDemoApp\wwwroot\ClientApp\out-tsc\main.js
C:\GitHub\ChrisEtterDemoApp\ChrisEtterDemoApp\ChrisEtterDemoApp\wwwroot\ClientApp\out-tsc\main.js.map
C:\GitHub\ChrisEtterDemoApp\ChrisEtterDemoApp\ChrisEtterDemoApp\wwwroot\ClientApp\out-tsc\polyfills.js
C:\GitHub\ChrisEtterDemoApp\ChrisEtterDemoApp\ChrisEtterDemoApp\wwwroot\ClientApp\out-tsc\polyfills.js.map
C:\GitHub\ChrisEtterDemoApp\ChrisEtterDemoApp\ChrisEtterDemoApp\wwwroot\ClientApp\out-tsc\environments\environment.prod.js
C:\GitHub\ChrisEtterDemoApp\ChrisEtterDemoApp\ChrisEtterDemoApp\wwwroot\ClientApp\out-tsc\environments\environment.prod.js.map
C:\GitHub\ChrisEtterDemoApp\ChrisEtterDemoApp\ChrisEtterDemoApp\wwwroot\ClientApp\out-tsc\app\app.component.js
C:\GitHub\ChrisEtterDemoApp\ChrisEtterDemoApp\ChrisEtterDemoApp\wwwroot\ClientApp\out-tsc\app\app.component.js.map
C:\GitHub\ChrisEtterDemoApp\ChrisEtterDemoApp\ChrisEtterDemoApp\wwwroot\ClientApp\out-tsc\app\app.module.js
C:\GitHub\ChrisEtterDemoApp\ChrisEtterDemoApp\ChrisEtterDemoApp\wwwroot\ClientApp\out-tsc\app\app.module.js.map
C:\GitHub\ChrisEtterDemoApp\ChrisEtterDemoApp\ChrisEtterDemoApp\wwwroot\ClientApp\out-tsc\environments\environment.js
C:\GitHub\ChrisEtterDemoApp\ChrisEtterDemoApp\ChrisEtterDemoApp\wwwroot\ClientApp\out-tsc\environments\environment.js.map
C:\GitHub\ChrisEtterDemoApp\ChrisEtterDemoApp\ChrisEtterDemoApp\wwwroot\ClientApp\out-tsc\main.js
C:\GitHub\ChrisEtterDemoApp\ChrisEtterDemoApp\ChrisEtterDemoApp\wwwroot\ClientApp\out-tsc\main.js.map
C:\GitHub\ChrisEtterDemoApp\ChrisEtterDemoApp\ChrisEtterDemoApp\wwwroot\ClientApp\out-tsc\polyfills.js
C:\GitHub\ChrisEtterDemoApp\ChrisEtterDemoApp\ChrisEtterDemoApp\wwwroot\ClientApp\out-tsc\polyfills.js.map
C:\GitHub\ChrisEtterDemoApp\ChrisEtterDemoApp\ChrisEtterDemoApp\wwwroot\ClientApp\out-tsc\environments\environment.prod.js
C:\GitHub\ChrisEtterDemoApp\ChrisEtterDemoApp\ChrisEtterDemoApp\wwwroot\ClientApp\out-tsc\environments\environment.prod.js.map
C:\GitHub\ChrisEtterDemoApp\ChrisEtterDemoApp\ChrisEtterDemoApp\wwwroot\ClientApp\out-tsc\app\app.component.js
C:\GitHub\ChrisEtterDemoApp\ChrisEtterDemoApp\ChrisEtterDemoApp\wwwroot\ClientApp\out-tsc\app\app.component.js.map
C:\GitHub\ChrisEtterDemoApp\ChrisEtterDemoApp\ChrisEtterDemoApp\wwwroot\ClientApp\out-tsc\app\app.module.js
C:\GitHub\ChrisEtterDemoApp\ChrisEtterDemoApp\ChrisEtterDemoApp\wwwroot\ClientApp\out-tsc\app\app.module.js.map
C:\GitHub\ChrisEtterDemoApp\ChrisEtterDemoApp\ChrisEtterDemoApp\wwwroot\ClientApp\out-tsc\environments\environment.js
C:\GitHub\ChrisEtterDemoApp\ChrisEtterDemoApp\ChrisEtterDemoApp\wwwroot\ClientApp\out-tsc\environments\environment.js.map
C:\GitHub\ChrisEtterDemoApp\ChrisEtterDemoApp\ChrisEtterDemoApp\wwwroot\ClientApp\out-tsc\main.js
C:\GitHub\ChrisEtterDemoApp\ChrisEtterDemoApp\ChrisEtterDemoApp\wwwroot\ClientApp\out-tsc\main.js.map
C:\GitHub\ChrisEtterDemoApp\ChrisEtterDemoApp\ChrisEtterDemoApp\wwwroot\ClientApp\out-tsc\polyfills.js
C:\GitHub\ChrisEtterDemoApp\ChrisEtterDemoApp\ChrisEtterDemoApp\wwwroot\ClientApp\out-tsc\polyfills.js.map
C:\GitHub\ChrisEtterDemoApp\ChrisEtterDemoApp\ChrisEtterDemoApp\wwwroot\ClientApp\out-tsc\environments\environment.prod.js
C:\GitHub\ChrisEtterDemoApp\ChrisEtterDemoApp\ChrisEtterDemoApp\wwwroot\ClientApp\out-tsc\environments\environment.prod.js.map
C:\GitHub\ChrisEtterDemoApp\ChrisEtterDemoApp\ChrisEtterDemoApp\wwwroot\ClientApp\out-tsc\app\app.component.js
C:\GitHub\ChrisEtterDemoApp\ChrisEtterDemoApp\ChrisEtterDemoApp\wwwroot\ClientApp\out-tsc\app\app.component.js.map
C:\GitHub\ChrisEtterDemoApp\ChrisEtterDemoApp\ChrisEtterDemoApp\wwwroot\ClientApp\out-tsc\app\app.module.js
C:\GitHub\ChrisEtterDemoApp\ChrisEtterDemoApp\ChrisEtterDemoApp\wwwroot\ClientApp\out-tsc\app\app.module.js.map
C:\GitHub\ChrisEtterDemoApp\ChrisEtterDemoApp\ChrisEtterDemoApp\wwwroot\ClientApp\out-tsc\environments\environment.js
C:\GitHub\ChrisEtterDemoApp\ChrisEtterDemoApp\ChrisEtterDemoApp\wwwroot\ClientApp\out-tsc\environments\environment.js.map
C:\GitHub\ChrisEtterDemoApp\ChrisEtterDemoApp\ChrisEtterDemoApp\wwwroot\ClientApp\out-tsc\main.js
C:\GitHub\ChrisEtterDemoApp\ChrisEtterDemoApp\ChrisEtterDemoApp\wwwroot\ClientApp\out-tsc\main.js.map
C:\GitHub\ChrisEtterDemoApp\ChrisEtterDemoApp\ChrisEtterDemoApp\wwwroot\ClientApp\out-tsc\polyfills.js
C:\GitHub\ChrisEtterDemoApp\ChrisEtterDemoApp\ChrisEtterDemoApp\wwwroot\ClientApp\out-tsc\polyfills.js.map
C:\GitHub\ChrisEtterDemoApp\ChrisEtterDemoApp\ChrisEtterDemoApp\wwwroot\ClientApp\out-tsc\environments\environment.prod.js
C:\GitHub\ChrisEtterDemoApp\ChrisEtterDemoApp\ChrisEtterDemoApp\wwwroot\ClientApp\out-tsc\environments\environment.prod.js.map
C:\GitHub\ChrisEtterDemoApp\ChrisEtterDemoApp\ChrisEtterDemoApp\wwwroot\ClientApp\out-tsc\app\app.component.js
C:\GitHub\ChrisEtterDemoApp\ChrisEtterDemoApp\ChrisEtterDemoApp\wwwroot\ClientApp\out-tsc\app\app.component.js.map
C:\GitHub\ChrisEtterDemoApp\ChrisEtterDemoApp\ChrisEtterDemoApp\wwwroot\ClientApp\out-tsc\app\app.module.js
C:\GitHub\ChrisEtterDemoApp\ChrisEtterDemoApp\ChrisEtterDemoApp\wwwroot\ClientApp\out-tsc\app\app.module.js.map
C:\GitHub\ChrisEtterDemoApp\ChrisEtterDemoApp\ChrisEtterDemoApp\wwwroot\ClientApp\out-tsc\environments\environment.js
C:\GitHub\ChrisEtterDemoApp\ChrisEtterDemoApp\ChrisEtterDemoApp\wwwroot\ClientApp\out-tsc\environments\environment.js.map
C:\GitHub\ChrisEtterDemoApp\ChrisEtterDemoApp\ChrisEtterDemoApp\wwwroot\ClientApp\out-tsc\main.js
C:\GitHub\ChrisEtterDemoApp\ChrisEtterDemoApp\ChrisEtterDemoApp\wwwroot\ClientApp\out-tsc\main.js.map
C:\GitHub\ChrisEtterDemoApp\ChrisEtterDemoApp\ChrisEtterDemoApp\wwwroot\ClientApp\out-tsc\polyfills.js
C:\GitHub\ChrisEtterDemoApp\ChrisEtterDemoApp\ChrisEtterDemoApp\wwwroot\ClientApp\out-tsc\polyfills.js.map
C:\GitHub\ChrisEtterDemoApp\ChrisEtterDemoApp\ChrisEtterDemoApp\wwwroot\ClientApp\out-tsc\environments\environment.prod.js
C:\GitHub\ChrisEtterDemoApp\ChrisEtterDemoApp\ChrisEtterDemoApp\wwwroot\ClientApp\out-tsc\environments\environment.prod.js.map
C:\GitHub\ChrisEtterDemoApp\ChrisEtterDemoApp\ChrisEtterDemoApp\wwwroot\ClientApp\out-tsc\app\app.component.js
C:\GitHub\ChrisEtterDemoApp\ChrisEtterDemoApp\ChrisEtterDemoApp\wwwroot\ClientApp\out-tsc\app\app.component.js.map
C:\GitHub\ChrisEtterDemoApp\ChrisEtterDemoApp\ChrisEtterDemoApp\wwwroot\ClientApp\out-tsc\app\app.module.js
C:\GitHub\ChrisEtterDemoApp\ChrisEtterDemoApp\ChrisEtterDemoApp\wwwroot\ClientApp\out-tsc\app\app.module.js.map
C:\GitHub\ChrisEtterDemoApp\ChrisEtterDemoApp\ChrisEtterDemoApp\wwwroot\ClientApp\out-tsc\environments\environment.js
C:\GitHub\ChrisEtterDemoApp\ChrisEtterDemoApp\ChrisEtterDemoApp\wwwroot\ClientApp\out-tsc\environments\environment.js.map
C:\GitHub\ChrisEtterDemoApp\ChrisEtterDemoApp\ChrisEtterDemoApp\wwwroot\ClientApp\out-tsc\main.js
C:\GitHub\ChrisEtterDemoApp\ChrisEtterDemoApp\ChrisEtterDemoApp\wwwroot\ClientApp\out-tsc\main.js.map
C:\GitHub\ChrisEtterDemoApp\ChrisEtterDemoApp\ChrisEtterDemoApp\wwwroot\ClientApp\out-tsc\polyfills.js
C:\GitHub\ChrisEtterDemoApp\ChrisEtterDemoApp\ChrisEtterDemoApp\wwwroot\ClientApp\out-tsc\polyfills.js.map
C:\GitHub\ChrisEtterDemoApp\ChrisEtterDemoApp\ChrisEtterDemoApp\wwwroot\ClientApp\out-tsc\environments\environment.prod.js
C:\GitHub\ChrisEtterDemoApp\ChrisEtterDemoApp\ChrisEtterDemoApp\wwwroot\ClientApp\out-tsc\environments\environment.prod.js.map
C:\GitHub\ChrisEtterDemoApp\ChrisEtterDemoApp\ChrisEtterDemoApp\wwwroot\ClientApp\out-tsc\app\app.component.js
C:\GitHub\ChrisEtterDemoApp\ChrisEtterDemoApp\ChrisEtterDemoApp\wwwroot\ClientApp\out-tsc\app\app.component.js.map
C:\GitHub\ChrisEtterDemoApp\ChrisEtterDemoApp\ChrisEtterDemoApp\wwwroot\ClientApp\out-tsc\app\app.module.js
C:\GitHub\ChrisEtterDemoApp\ChrisEtterDemoApp\ChrisEtterDemoApp\wwwroot\ClientApp\out-tsc\app\app.module.js.map
C:\GitHub\ChrisEtterDemoApp\ChrisEtterDemoApp\ChrisEtterDemoApp\wwwroot\ClientApp\out-tsc\environments\environment.js
C:\GitHub\ChrisEtterDemoApp\ChrisEtterDemoApp\ChrisEtterDemoApp\wwwroot\ClientApp\out-tsc\environments\environment.js.map
C:\GitHub\ChrisEtterDemoApp\ChrisEtterDemoApp\ChrisEtterDemoApp\wwwroot\ClientApp\out-tsc\main.js
C:\GitHub\ChrisEtterDemoApp\ChrisEtterDemoApp\ChrisEtterDemoApp\wwwroot\ClientApp\out-tsc\main.js.map
C:\GitHub\ChrisEtterDemoApp\ChrisEtterDemoApp\ChrisEtterDemoApp\wwwroot\ClientApp\out-tsc\polyfills.js
C:\GitHub\ChrisEtterDemoApp\ChrisEtterDemoApp\ChrisEtterDemoApp\wwwroot\ClientApp\out-tsc\polyfills.js.map
C:\GitHub\ChrisEtterDemoApp\ChrisEtterDemoApp\ChrisEtterDemoApp\wwwroot\ClientApp\out-tsc\environments\environment.prod.js
C:\GitHub\ChrisEtterDemoApp\ChrisEtterDemoApp\ChrisEtterDemoApp\wwwroot\ClientApp\out-tsc\environments\environment.prod.js.map
C:\GitHub\ChrisEtterDemoApp\ChrisEtterDemoApp\ChrisEtterDemoApp\wwwroot\ClientApp\out-tsc\app\app.component.js
C:\GitHub\ChrisEtterDemoApp\ChrisEtterDemoApp\ChrisEtterDemoApp\wwwroot\ClientApp\out-tsc\app\app.component.js.map
C:\GitHub\ChrisEtterDemoApp\ChrisEtterDemoApp\ChrisEtterDemoApp\wwwroot\ClientApp\out-tsc\app\app.module.js
C:\GitHub\ChrisEtterDemoApp\ChrisEtterDemoApp\ChrisEtterDemoApp\wwwroot\ClientApp\out-tsc\app\app.module.js.map
C:\GitHub\ChrisEtterDemoApp\ChrisEtterDemoApp\ChrisEtterDemoApp\wwwroot\ClientApp\out-tsc\environments\environment.js
C:\GitHub\ChrisEtterDemoApp\ChrisEtterDemoApp\ChrisEtterDemoApp\wwwroot\ClientApp\out-tsc\environments\environment.js.map
C:\GitHub\ChrisEtterDemoApp\ChrisEtterDemoApp\ChrisEtterDemoApp\wwwroot\ClientApp\out-tsc\main.js
C:\GitHub\ChrisEtterDemoApp\ChrisEtterDemoApp\ChrisEtterDemoApp\wwwroot\ClientApp\out-tsc\main.js.map
C:\GitHub\ChrisEtterDemoApp\ChrisEtterDemoApp\ChrisEtterDemoApp\wwwroot\ClientApp\out-tsc\polyfills.js
C:\GitHub\ChrisEtterDemoApp\ChrisEtterDemoApp\ChrisEtterDemoApp\wwwroot\ClientApp\out-tsc\polyfills.js.map
C:\GitHub\ChrisEtterDemoApp\ChrisEtterDemoApp\ChrisEtterDemoApp\wwwroot\ClientApp\out-tsc\environments\environment.prod.js
C:\GitHub\ChrisEtterDemoApp\ChrisEtterDemoApp\ChrisEtterDemoApp\wwwroot\ClientApp\out-tsc\environments\environment.prod.js.map
C:\GitHub\ChrisEtterDemoApp\ChrisEtterDemoApp\ChrisEtterDemoApp\wwwroot\ClientApp\out-tsc\app\app.component.js
C:\GitHub\ChrisEtterDemoApp\ChrisEtterDemoApp\ChrisEtterDemoApp\wwwroot\ClientApp\out-tsc\app\app.component.js.map
C:\GitHub\ChrisEtterDemoApp\ChrisEtterDemoApp\ChrisEtterDemoApp\wwwroot\ClientApp\out-tsc\app\app.module.js
C:\GitHub\ChrisEtterDemoApp\ChrisEtterDemoApp\ChrisEtterDemoApp\wwwroot\ClientApp\out-tsc\app\app.module.js.map
C:\GitHub\ChrisEtterDemoApp\ChrisEtterDemoApp\ChrisEtterDemoApp\wwwroot\ClientApp\out-tsc\environments\environment.js
C:\GitHub\ChrisEtterDemoApp\ChrisEtterDemoApp\ChrisEtterDemoApp\wwwroot\ClientApp\out-tsc\environments\environment.js.map
C:\GitHub\ChrisEtterDemoApp\ChrisEtterDemoApp\ChrisEtterDemoApp\wwwroot\ClientApp\out-tsc\main.js
C:\GitHub\ChrisEtterDemoApp\ChrisEtterDemoApp\ChrisEtterDemoApp\wwwroot\ClientApp\out-tsc\main.js.map
C:\GitHub\ChrisEtterDemoApp\ChrisEtterDemoApp\ChrisEtterDemoApp\wwwroot\ClientApp\out-tsc\polyfills.js
C:\GitHub\ChrisEtterDemoApp\ChrisEtterDemoApp\ChrisEtterDemoApp\wwwroot\ClientApp\out-tsc\polyfills.js.map
C:\GitHub\ChrisEtterDemoApp\ChrisEtterDemoApp\ChrisEtterDemoApp\wwwroot\ClientApp\out-tsc\environments\environment.prod.js
C:\GitHub\ChrisEtterDemoApp\ChrisEtterDemoApp\ChrisEtterDemoApp\wwwroot\ClientApp\out-tsc\environments\environment.prod.js.map
C:\GitHub\ChrisEtterDemoApp\ChrisEtterDemoApp\ChrisEtterDemoApp\wwwroot\ClientApp\out-tsc\app\app.component.js
C:\GitHub\ChrisEtterDemoApp\ChrisEtterDemoApp\ChrisEtterDemoApp\wwwroot\ClientApp\out-tsc\app\app.component.js.map
C:\GitHub\ChrisEtterDemoApp\ChrisEtterDemoApp\ChrisEtterDemoApp\wwwroot\ClientApp\out-tsc\app\app.module.js
C:\GitHub\ChrisEtterDemoApp\ChrisEtterDemoApp\ChrisEtterDemoApp\wwwroot\ClientApp\out-tsc\app\app.module.js.map
C:\GitHub\ChrisEtterDemoApp\ChrisEtterDemoApp\ChrisEtterDemoApp\wwwroot\ClientApp\out-tsc\environments\environment.js
C:\GitHub\ChrisEtterDemoApp\ChrisEtterDemoApp\ChrisEtterDemoApp\wwwroot\ClientApp\out-tsc\environments\environment.js.map
C:\GitHub\ChrisEtterDemoApp\ChrisEtterDemoApp\ChrisEtterDemoApp\wwwroot\ClientApp\out-tsc\main.js
C:\GitHub\ChrisEtterDemoApp\ChrisEtterDemoApp\ChrisEtterDemoApp\wwwroot\ClientApp\out-tsc\main.js.map
C:\GitHub\ChrisEtterDemoApp\ChrisEtterDemoApp\ChrisEtterDemoApp\wwwroot\ClientApp\out-tsc\polyfills.js
C:\GitHub\ChrisEtterDemoApp\ChrisEtterDemoApp\ChrisEtterDemoApp\wwwroot\ClientApp\out-tsc\polyfills.js.map
C:\GitHub\ChrisEtterDemoApp\ChrisEtterDemoApp\ChrisEtterDemoApp\wwwroot\ClientApp\out-tsc\environments\environment.prod.js
C:\GitHub\ChrisEtterDemoApp\ChrisEtterDemoApp\ChrisEtterDemoApp\wwwroot\ClientApp\out-tsc\environments\environment.prod.js.map
C:\GitHub\ChrisEtterDemoApp\ChrisEtterDemoApp\ChrisEtterDemoApp\wwwroot\ClientApp\out-tsc\app\app.component.js
C:\GitHub\ChrisEtterDemoApp\ChrisEtterDemoApp\ChrisEtterDemoApp\wwwroot\ClientApp\out-tsc\app\app.component.js.map
C:\GitHub\ChrisEtterDemoApp\ChrisEtterDemoApp\ChrisEtterDemoApp\wwwroot\ClientApp\out-tsc\app\app.module.js
C:\GitHub\ChrisEtterDemoApp\ChrisEtterDemoApp\ChrisEtterDemoApp\wwwroot\ClientApp\out-tsc\app\app.module.js.map
C:\GitHub\ChrisEtterDemoApp\ChrisEtterDemoApp\ChrisEtterDemoApp\wwwroot\ClientApp\out-tsc\environments\environment.js
C:\GitHub\ChrisEtterDemoApp\ChrisEtterDemoApp\ChrisEtterDemoApp\wwwroot\ClientApp\out-tsc\environments\environment.js.map
C:\GitHub\ChrisEtterDemoApp\ChrisEtterDemoApp\ChrisEtterDemoApp\wwwroot\ClientApp\out-tsc\main.js
C:\GitHub\ChrisEtterDemoApp\ChrisEtterDemoApp\ChrisEtterDemoApp\wwwroot\ClientApp\out-tsc\main.js.map
C:\GitHub\ChrisEtterDemoApp\ChrisEtterDemoApp\ChrisEtterDemoApp\wwwroot\ClientApp\out-tsc\polyfills.js
C:\GitHub\ChrisEtterDemoApp\ChrisEtterDemoApp\ChrisEtterDemoApp\wwwroot\ClientApp\out-tsc\polyfills.js.map
C:\GitHub\ChrisEtterDemoApp\ChrisEtterDemoApp\ChrisEtterDemoApp\wwwroot\ClientApp\out-tsc\environments\environment.prod.js
C:\GitHub\ChrisEtterDemoApp\ChrisEtterDemoApp\ChrisEtterDemoApp\wwwroot\ClientApp\out-tsc\environments\environment.prod.js.map
C:\GitHub\ChrisEtterDemoApp\ChrisEtterDemoApp\ChrisEtterDemoApp\wwwroot\ClientApp\out-tsc\app\app.component.js
C:\GitHub\ChrisEtterDemoApp\ChrisEtterDemoApp\ChrisEtterDemoApp\wwwroot\ClientApp\out-tsc\app\app.component.js.map
C:\GitHub\ChrisEtterDemoApp\ChrisEtterDemoApp\ChrisEtterDemoApp\wwwroot\ClientApp\out-tsc\app\app.module.js
C:\GitHub\ChrisEtterDemoApp\ChrisEtterDemoApp\ChrisEtterDemoApp\wwwroot\ClientApp\out-tsc\app\app.module.js.map
C:\GitHub\ChrisEtterDemoApp\ChrisEtterDemoApp\ChrisEtterDemoApp\wwwroot\ClientApp\out-tsc\environments\environment.js
C:\GitHub\ChrisEtterDemoApp\ChrisEtterDemoApp\ChrisEtterDemoApp\wwwroot\ClientApp\out-tsc\environments\environment.js.map
C:\GitHub\ChrisEtterDemoApp\ChrisEtterDemoApp\ChrisEtterDemoApp\wwwroot\ClientApp\out-tsc\main.js
C:\GitHub\ChrisEtterDemoApp\ChrisEtterDemoApp\ChrisEtterDemoApp\wwwroot\ClientApp\out-tsc\main.js.map
C:\GitHub\ChrisEtterDemoApp\ChrisEtterDemoApp\ChrisEtterDemoApp\wwwroot\ClientApp\out-tsc\polyfills.js
C:\GitHub\ChrisEtterDemoApp\ChrisEtterDemoApp\ChrisEtterDemoApp\wwwroot\ClientApp\out-tsc\polyfills.js.map
C:\GitHub\ChrisEtterDemoApp\ChrisEtterDemoApp\ChrisEtterDemoApp\wwwroot\ClientApp\out-tsc\environments\environment.prod.js
C:\GitHub\ChrisEtterDemoApp\ChrisEtterDemoApp\ChrisEtterDemoApp\wwwroot\ClientApp\out-tsc\environments\environment.prod.js.map
C:\GitHub\ChrisEtterDemoApp\ChrisEtterDemoApp\ChrisEtterDemoApp\wwwroot\ClientApp\out-tsc\app\app.component.js
C:\GitHub\ChrisEtterDemoApp\ChrisEtterDemoApp\ChrisEtterDemoApp\wwwroot\ClientApp\out-tsc\app\app.component.js.map
C:\GitHub\ChrisEtterDemoApp\ChrisEtterDemoApp\ChrisEtterDemoApp\wwwroot\ClientApp\out-tsc\app\app.module.js
C:\GitHub\ChrisEtterDemoApp\ChrisEtterDemoApp\ChrisEtterDemoApp\wwwroot\ClientApp\out-tsc\app\app.module.js.map
C:\GitHub\ChrisEtterDemoApp\ChrisEtterDemoApp\ChrisEtterDemoApp\wwwroot\ClientApp\out-tsc\environments\environment.js
C:\GitHub\ChrisEtterDemoApp\ChrisEtterDemoApp\ChrisEtterDemoApp\wwwroot\ClientApp\out-tsc\environments\environment.js.map
C:\GitHub\ChrisEtterDemoApp\ChrisEtterDemoApp\ChrisEtterDemoApp\wwwroot\ClientApp\out-tsc\main.js
C:\GitHub\ChrisEtterDemoApp\ChrisEtterDemoApp\ChrisEtterDemoApp\wwwroot\ClientApp\out-tsc\main.js.map
C:\GitHub\ChrisEtterDemoApp\ChrisEtterDemoApp\ChrisEtterDemoApp\wwwroot\ClientApp\out-tsc\polyfills.js
C:\GitHub\ChrisEtterDemoApp\ChrisEtterDemoApp\ChrisEtterDemoApp\wwwroot\ClientApp\out-tsc\polyfills.js.map
C:\GitHub\ChrisEtterDemoApp\ChrisEtterDemoApp\ChrisEtterDemoApp\wwwroot\ClientApp\out-tsc\environments\environment.prod.js
C:\GitHub\ChrisEtterDemoApp\ChrisEtterDemoApp\ChrisEtterDemoApp\wwwroot\ClientApp\out-tsc\environments\environment.prod.js.map
C:\GitHub\ChrisEtterDemoApp\ChrisEtterDemoApp\ChrisEtterDemoApp\wwwroot\ClientApp\out-tsc\app\app.component.js
C:\GitHub\ChrisEtterDemoApp\ChrisEtterDemoApp\ChrisEtterDemoApp\wwwroot\ClientApp\out-tsc\app\app.component.js.map
C:\GitHub\ChrisEtterDemoApp\ChrisEtterDemoApp\ChrisEtterDemoApp\wwwroot\ClientApp\out-tsc\app\app.module.js
C:\GitHub\ChrisEtterDemoApp\ChrisEtterDemoApp\ChrisEtterDemoApp\wwwroot\ClientApp\out-tsc\app\app.module.js.map
C:\GitHub\ChrisEtterDemoApp\ChrisEtterDemoApp\ChrisEtterDemoApp\wwwroot\ClientApp\out-tsc\environments\environment.js
C:\GitHub\ChrisEtterDemoApp\ChrisEtterDemoApp\ChrisEtterDemoApp\wwwroot\ClientApp\out-tsc\environments\environment.js.map
C:\GitHub\ChrisEtterDemoApp\ChrisEtterDemoApp\ChrisEtterDemoApp\wwwroot\ClientApp\out-tsc\main.js
C:\GitHub\ChrisEtterDemoApp\ChrisEtterDemoApp\ChrisEtterDemoApp\wwwroot\ClientApp\out-tsc\main.js.map
C:\GitHub\ChrisEtterDemoApp\ChrisEtterDemoApp\ChrisEtterDemoApp\wwwroot\ClientApp\out-tsc\polyfills.js
C:\GitHub\ChrisEtterDemoApp\ChrisEtterDemoApp\ChrisEtterDemoApp\wwwroot\ClientApp\out-tsc\polyfills.js.map
C:\GitHub\ChrisEtterDemoApp\ChrisEtterDemoApp\ChrisEtterDemoApp\wwwroot\ClientApp\out-tsc\environments\environment.prod.js
C:\GitHub\ChrisEtterDemoApp\ChrisEtterDemoApp\ChrisEtterDemoApp\wwwroot\ClientApp\out-tsc\environments\environment.prod.js.map
C:\GitHub\ChrisEtterDemoApp\ChrisEtterDemoApp\ChrisEtterDemoApp\wwwroot\ClientApp\out-tsc\app\app.component.js
C:\GitHub\ChrisEtterDemoApp\ChrisEtterDemoApp\ChrisEtterDemoApp\wwwroot\ClientApp\out-tsc\app\app.component.js.map
C:\GitHub\ChrisEtterDemoApp\ChrisEtterDemoApp\ChrisEtterDemoApp\wwwroot\ClientApp\out-tsc\app\app.module.js
C:\GitHub\ChrisEtterDemoApp\ChrisEtterDemoApp\ChrisEtterDemoApp\wwwroot\ClientApp\out-tsc\app\app.module.js.map
C:\GitHub\ChrisEtterDemoApp\ChrisEtterDemoApp\ChrisEtterDemoApp\wwwroot\ClientApp\out-tsc\environments\environment.js
C:\GitHub\ChrisEtterDemoApp\ChrisEtterDemoApp\ChrisEtterDemoApp\wwwroot\ClientApp\out-tsc\environments\environment.js.map
C:\GitHub\ChrisEtterDemoApp\ChrisEtterDemoApp\ChrisEtterDemoApp\wwwroot\ClientApp\out-tsc\main.js
C:\GitHub\ChrisEtterDemoApp\ChrisEtterDemoApp\ChrisEtterDemoApp\wwwroot\ClientApp\out-tsc\main.js.map
C:\GitHub\ChrisEtterDemoApp\ChrisEtterDemoApp\ChrisEtterDemoApp\wwwroot\ClientApp\out-tsc\polyfills.js
C:\GitHub\ChrisEtterDemoApp\ChrisEtterDemoApp\ChrisEtterDemoApp\wwwroot\ClientApp\out-tsc\polyfills.js.map
C:\GitHub\ChrisEtterDemoApp\ChrisEtterDemoApp\ChrisEtterDemoApp\wwwroot\ClientApp\out-tsc\environments\environment.prod.js
C:\GitHub\ChrisEtterDemoApp\ChrisEtterDemoApp\ChrisEtterDemoApp\wwwroot\ClientApp\out-tsc\environments\environment.prod.js.map
